#
# A fatal error has been detected by the Java Runtime Environment:
#
#  Internal Error (classFileParser.cpp:3494), pid=14360, tid=8464
#  Error: ShouldNotReachHere()
#
# JRE version: 6.0_27-b07
# Java VM: Java HotSpot(TM) Client VM (20.2-b06 mixed mode windows-x86 )
# If you would like to submit a bug report, please visit:
#   http://java.sun.com/webapps/bugreport/crash.jsp
#

---------------  T H R E A D  ---------------

Current thread (0x01c59000):  JavaThread "Unknown thread" [_thread_in_vm, id=8464, stack(0x00260000,0x002b0000)]

Stack: [0x00260000,0x002b0000],  sp=0x002af86c,  free space=318k
Native frames: (J=compiled Java code, j=interpreted, Vv=VM code, C=native code)
V  [jvm.dll+0x1335ba]
V  [jvm.dll+0x12e56b]
V  [jvm.dll+0x1639e]
V  [jvm.dll+0x17bdf]
V  [jvm.dll+0x26cc5]
V  [jvm.dll+0x27506]
V  [jvm.dll+0x278b5]
V  [jvm.dll+0x27949]
V  [jvm.dll+0x27a0c]
V  [jvm.dll+0x27a8a]
V  [jvm.dll+0x27b6d]
V  [jvm.dll+0x27e39]
V  [jvm.dll+0x6c383]
V  [jvm.dll+0x6c75c]
V  [jvm.dll+0xf9b4c]
V  [jvm.dll+0x11848b]
V  [jvm.dll+0x9eb60]
C  [javaw.exe+0x1657]
C  [javaw.exe+0x1e2c]
C  [javaw.exe+0x8614]
C  [kernel32.dll+0x133aa]  BaseThreadInitThunk+0x12
C  [ntdll.dll+0x39ef2]  RtlInitializeExceptionChain+0x63
C  [ntdll.dll+0x39ec5]  RtlInitializeExceptionChain+0x36


---------------  P R O C E S S  ---------------

Java Threads: ( => current thread )

Other Threads:

=>0x01c59000 (exited) JavaThread "Unknown thread" [_thread_in_vm, id=8464, stack(0x00260000,0x002b0000)]

VM state:not at safepoint (not fully initialized)

VM Mutex/Monitor currently owned by a thread: None

Dynamic libraries:
0x00400000 - 0x00424000 	C:\Program Files (x86)\Java\jre6\bin\javaw.exe
0x77b10000 - 0x77c90000 	C:\Windows\SysWOW64\ntdll.dll
0x76a50000 - 0x76b60000 	C:\Windows\syswow64\kernel32.dll
0x76db0000 - 0x76df7000 	C:\Windows\syswow64\KERNELBASE.dll
0x755b0000 - 0x75650000 	C:\Windows\syswow64\ADVAPI32.dll
0x76860000 - 0x7690c000 	C:\Windows\syswow64\msvcrt.dll
0x76840000 - 0x76859000 	C:\Windows\SysWOW64\sechost.dll
0x76fa0000 - 0x77090000 	C:\Windows\syswow64\RPCRT4.dll
0x751f0000 - 0x75250000 	C:\Windows\syswow64\SspiCli.dll
0x751e0000 - 0x751ec000 	C:\Windows\syswow64\CRYPTBASE.dll
0x77150000 - 0x77250000 	C:\Windows\syswow64\USER32.dll
0x76650000 - 0x766e0000 	C:\Windows\syswow64\GDI32.dll
0x75530000 - 0x7553a000 	C:\Windows\syswow64\LPK.dll
0x75480000 - 0x7551d000 	C:\Windows\syswow64\USP10.dll
0x75540000 - 0x755a0000 	C:\Windows\system32\IMM32.DLL
0x752b0000 - 0x7537c000 	C:\Windows\syswow64\MSCTF.dll
0x7c340000 - 0x7c396000 	C:\Program Files (x86)\Java\jre6\bin\msvcr71.dll
0x6d7f0000 - 0x6da9f000 	C:\Program Files (x86)\Java\jre6\bin\client\jvm.dll
0x73440000 - 0x73472000 	C:\Windows\system32\WINMM.dll
0x73820000 - 0x7386c000 	C:\Windows\system32\apphelp.dll
0x6d7a0000 - 0x6d7ac000 	C:\Program Files (x86)\Java\jre6\bin\verify.dll
0x6d320000 - 0x6d33f000 	C:\Program Files (x86)\Java\jre6\bin\java.dll
0x6d7e0000 - 0x6d7ef000 	C:\Program Files (x86)\Java\jre6\bin\zip.dll
0x75470000 - 0x75475000 	C:\Windows\system32\PSAPI.DLL

VM Arguments:
jvm_args: -Dfile.encoding=UTF-8 -Xbootclasspath:C:\Disk_D\adt-bundle-windows-x86-20130729\sdk\platforms\android-18\android.jar 
java_command: com.lifemanager.data.TaskDataHelper
Launcher Type: SUN_STANDARD

Environment Variables:
CLASSPATH=.;C:\Program Files (x86)\Java\jre6\lib\ext\QTJava.zip
PATH=C:\Python27;C:\Windows\system32;C:\Windows;C:\Windows\System32\Wbem;C:\Windows\System32\WindowsPowerShell\v1.0\;c:\Program Files (x86)\Microsoft SQL Server\90\Tools\binn\;C:\Program Files (x86)\Common Files\Acronis\SnapAPI\;C:\Program Files (x86)\QuickTime\QTSystem\;C:\Program Files (x86)\CVSNT\;C:\Program Files (tony)\Python33
USERNAME=tony.he
OS=Windows_NT
PROCESSOR_IDENTIFIER=Intel64 Family 6 Model 42 Stepping 7, GenuineIntel



---------------  S Y S T E M  ---------------

OS: Windows 7 , 64 bit Build 7601 Service Pack 1

CPU:total 4 (2 cores per cpu, 2 threads per core) family 6 model 42 stepping 7, cmov, cx8, fxsr, mmx, sse, sse2, sse3, ssse3, sse4.1, sse4.2, popcnt, ht

Memory: 4k page, physical 4143440k(755820k free), swap 8285020k(1280184k free)

vm_info: Java HotSpot(TM) Client VM (20.2-b06) for windows-x86 JRE (1.6.0_27-b07), built on Jul 19 2011 01:04:42 by "java_re" with MS VC++ 7.1 (VS2003)

time: Sat Dec 21 15:48:20 2013
elapsed time: 1 seconds

